<?xml version="1.0" encoding="UTF-8"?>
<!-- Generated by org.testng.reporters.JUnitReportReporter -->
<testsuite hostname="DESKTOP-R342VPE" failures="0" tests="1" name="testpackage.TestActiTimeValidLogin" time="25.171" errors="0" timestamp="2022-06-26T17:02:46 IST" skipped="0">
  <testcase classname="testpackage.TestActiTimeValidLogin" name="actiTimeValidLogin" time="25.171"/>
  <system-out/>
</testsuite> <!-- testpackage.TestActiTimeValidLogin -->
